[0.006s] Invoking command in '/ros2_ws/src/minimal_bot_cpp/build/minimal_bot_cpp': CMAKE_PREFIX_PATH=${CMAKE_PREFIX_PATH}:/opt/ros/humble /usr/bin/cmake /ros2_ws/src/minimal_bot_cpp -DCMAKE_INSTALL_PREFIX=/ros2_ws/src/minimal_bot_cpp/install/minimal_bot_cpp
[0.074s] -- The C compiler identification is GNU 11.4.0
[0.124s] -- The CXX compiler identification is GNU 11.4.0
[0.133s] -- Detecting C compiler ABI info
[0.180s] -- Detecting C compiler ABI info - done
[0.184s] -- Check for working C compiler: /usr/bin/cc - skipped
[0.184s] -- Detecting C compile features
[0.184s] -- Detecting C compile features - done
[0.187s] -- Detecting CXX compiler ABI info
[0.241s] -- Detecting CXX compiler ABI info - done
[0.247s] -- Check for working CXX compiler: /usr/bin/c++ - skipped
[0.247s] -- Detecting CXX compile features
[0.247s] -- Detecting CXX compile features - done
[0.249s] -- Found ament_cmake: 1.3.11 (/opt/ros/humble/share/ament_cmake/cmake)
[0.342s] -- Found Python3: /usr/bin/python3 (found version "3.10.12") found components: Interpreter 
[0.404s] -- Found robot_state_publisher: 3.0.3 (/opt/ros/humble/share/robot_state_publisher/cmake)
[0.433s] -- Found rosidl_generator_c: 3.1.6 (/opt/ros/humble/share/rosidl_generator_c/cmake)
[0.437s] -- Found rosidl_adapter: 3.1.6 (/opt/ros/humble/share/rosidl_adapter/cmake)
[0.446s] -- Found rosidl_generator_cpp: 3.1.6 (/opt/ros/humble/share/rosidl_generator_cpp/cmake)
[0.456s] -- Using all available rosidl_typesupport_c: rosidl_typesupport_fastrtps_c;rosidl_typesupport_introspection_c
[0.468s] -- Using all available rosidl_typesupport_cpp: rosidl_typesupport_fastrtps_cpp;rosidl_typesupport_introspection_cpp
[0.511s] -- Found eigen3_cmake_module: 0.1.1 (/opt/ros/humble/share/eigen3_cmake_module/cmake)
[0.512s] -- Found Eigen3: TRUE (found version "3.4.0") 
[0.512s] -- Ensuring Eigen3 include directory is part of orocos-kdl CMake target
[0.548s] -- Found rmw_implementation_cmake: 6.1.2 (/opt/ros/humble/share/rmw_implementation_cmake/cmake)
[0.550s] -- Found rmw_fastrtps_cpp: 6.2.7 (/opt/ros/humble/share/rmw_fastrtps_cpp/cmake)
[0.624s] -- Found OpenSSL: /usr/lib/x86_64-linux-gnu/libcrypto.so (found version "3.0.2")  
[0.644s] -- Found FastRTPS: /opt/ros/humble/include  
[0.674s] -- Using RMW implementation 'rmw_fastrtps_cpp' as default
[0.680s] -- Looking for pthread.h
[0.737s] -- Looking for pthread.h - found
[0.737s] -- Performing Test CMAKE_HAVE_LIBC_PTHREAD
[0.788s] -- Performing Test CMAKE_HAVE_LIBC_PTHREAD - Success
[0.788s] -- Found Threads: TRUE  
[0.933s] -- Found xacro: 2.0.13 (/opt/ros/humble/share/xacro/cmake)
[0.935s] -- Found ament_lint_auto: 0.12.12 (/opt/ros/humble/share/ament_lint_auto/cmake)
[0.987s] -- Added test 'cppcheck' to perform static code analysis on C / C++ code
[0.987s] -- Configured cppcheck include dirs: 
[0.987s] -- Configured cppcheck exclude dirs and/or files: 
[0.989s] -- Added test 'flake8' to check Python code syntax and style conventions
[0.989s] -- Added test 'lint_cmake' to check CMake code style
[0.990s] -- Added test 'pep257' to check Python code against some of the docstring style conventions in PEP 257
[0.992s] -- Added test 'uncrustify' to check C / C++ code style
[0.992s] -- Configured uncrustify additional arguments: 
[0.992s] -- Added test 'xmllint' to check XML markup files
[0.993s] -- Configuring done
[0.996s] -- Generating done
[0.997s] -- Build files have been written to: /ros2_ws/src/minimal_bot_cpp/build/minimal_bot_cpp
[1.002s] Invoked command in '/ros2_ws/src/minimal_bot_cpp/build/minimal_bot_cpp' returned '0': CMAKE_PREFIX_PATH=${CMAKE_PREFIX_PATH}:/opt/ros/humble /usr/bin/cmake /ros2_ws/src/minimal_bot_cpp -DCMAKE_INSTALL_PREFIX=/ros2_ws/src/minimal_bot_cpp/install/minimal_bot_cpp
[1.004s] Invoking command in '/ros2_ws/src/minimal_bot_cpp/build/minimal_bot_cpp': CMAKE_PREFIX_PATH=${CMAKE_PREFIX_PATH}:/opt/ros/humble /usr/bin/cmake --build /ros2_ws/src/minimal_bot_cpp/build/minimal_bot_cpp -- -j24 -l24
[1.033s] Invoked command in '/ros2_ws/src/minimal_bot_cpp/build/minimal_bot_cpp' returned '0': CMAKE_PREFIX_PATH=${CMAKE_PREFIX_PATH}:/opt/ros/humble /usr/bin/cmake --build /ros2_ws/src/minimal_bot_cpp/build/minimal_bot_cpp -- -j24 -l24
[1.040s] Invoking command in '/ros2_ws/src/minimal_bot_cpp/build/minimal_bot_cpp': CMAKE_PREFIX_PATH=${CMAKE_PREFIX_PATH}:/opt/ros/humble /usr/bin/cmake --install /ros2_ws/src/minimal_bot_cpp/build/minimal_bot_cpp
[1.045s] -- Install configuration: ""
[1.045s] -- Installing: /ros2_ws/src/minimal_bot_cpp/install/minimal_bot_cpp/share/minimal_bot_cpp/launch
[1.045s] -- Installing: /ros2_ws/src/minimal_bot_cpp/install/minimal_bot_cpp/share/minimal_bot_cpp/launch/state_pub.launch.py
[1.045s] -- Installing: /ros2_ws/src/minimal_bot_cpp/install/minimal_bot_cpp/share/minimal_bot_cpp/urdf
[1.045s] -- Installing: /ros2_ws/src/minimal_bot_cpp/install/minimal_bot_cpp/share/minimal_bot_cpp/urdf/minimal_bot.urdf.xacro
[1.045s] -- Installing: /ros2_ws/src/minimal_bot_cpp/install/minimal_bot_cpp/share/ament_index/resource_index/package_run_dependencies/minimal_bot_cpp
[1.045s] -- Installing: /ros2_ws/src/minimal_bot_cpp/install/minimal_bot_cpp/share/ament_index/resource_index/parent_prefix_path/minimal_bot_cpp
[1.045s] -- Installing: /ros2_ws/src/minimal_bot_cpp/install/minimal_bot_cpp/share/minimal_bot_cpp/environment/ament_prefix_path.sh
[1.045s] -- Installing: /ros2_ws/src/minimal_bot_cpp/install/minimal_bot_cpp/share/minimal_bot_cpp/environment/ament_prefix_path.dsv
[1.045s] -- Installing: /ros2_ws/src/minimal_bot_cpp/install/minimal_bot_cpp/share/minimal_bot_cpp/environment/path.sh
[1.046s] -- Installing: /ros2_ws/src/minimal_bot_cpp/install/minimal_bot_cpp/share/minimal_bot_cpp/environment/path.dsv
[1.046s] -- Installing: /ros2_ws/src/minimal_bot_cpp/install/minimal_bot_cpp/share/minimal_bot_cpp/local_setup.bash
[1.046s] -- Installing: /ros2_ws/src/minimal_bot_cpp/install/minimal_bot_cpp/share/minimal_bot_cpp/local_setup.sh
[1.046s] -- Installing: /ros2_ws/src/minimal_bot_cpp/install/minimal_bot_cpp/share/minimal_bot_cpp/local_setup.zsh
[1.046s] -- Installing: /ros2_ws/src/minimal_bot_cpp/install/minimal_bot_cpp/share/minimal_bot_cpp/local_setup.dsv
[1.046s] -- Installing: /ros2_ws/src/minimal_bot_cpp/install/minimal_bot_cpp/share/minimal_bot_cpp/package.dsv
[1.046s] -- Installing: /ros2_ws/src/minimal_bot_cpp/install/minimal_bot_cpp/share/ament_index/resource_index/packages/minimal_bot_cpp
[1.046s] -- Installing: /ros2_ws/src/minimal_bot_cpp/install/minimal_bot_cpp/share/minimal_bot_cpp/cmake/minimal_bot_cppConfig.cmake
[1.046s] -- Installing: /ros2_ws/src/minimal_bot_cpp/install/minimal_bot_cpp/share/minimal_bot_cpp/cmake/minimal_bot_cppConfig-version.cmake
[1.046s] -- Installing: /ros2_ws/src/minimal_bot_cpp/install/minimal_bot_cpp/share/minimal_bot_cpp/package.xml
[1.048s] Invoked command in '/ros2_ws/src/minimal_bot_cpp/build/minimal_bot_cpp' returned '0': CMAKE_PREFIX_PATH=${CMAKE_PREFIX_PATH}:/opt/ros/humble /usr/bin/cmake --install /ros2_ws/src/minimal_bot_cpp/build/minimal_bot_cpp
