[0.057s] DEBUG:colcon:Command line arguments: ['/usr/bin/colcon', 'build', '--packages-select', 'minimal_bot_cpp']
[0.057s] DEBUG:colcon:Parsed command line arguments: Namespace(log_base=None, log_level=None, verb_name='build', build_base='build', install_base='install', merge_install=False, symlink_install=False, test_result_base=None, continue_on_error=False, executor='parallel', parallel_workers=24, event_handlers=None, ignore_user_meta=False, metas=['./colcon.meta'], base_paths=['.'], packages_ignore=None, packages_ignore_regex=None, paths=None, packages_up_to=None, packages_up_to_regex=None, packages_above=None, packages_above_and_dependencies=None, packages_above_depth=None, packages_select_by_dep=None, packages_skip_by_dep=None, packages_skip_up_to=None, packages_select_build_failed=False, packages_skip_build_finished=False, packages_select_test_failures=False, packages_skip_test_passed=False, packages_select=['minimal_bot_cpp'], packages_skip=None, packages_select_regex=None, packages_skip_regex=None, packages_start=None, packages_end=None, cmake_args=None, cmake_target=None, cmake_target_skip_unavailable=False, cmake_clean_cache=False, cmake_clean_first=False, cmake_force_configure=False, ament_cmake_args=None, catkin_cmake_args=None, catkin_skip_building_tests=False, mixin_files=None, mixin=None, verb_parser=<colcon_mixin.mixin.mixin_argument.MixinArgumentDecorator object at 0x73be7da40130>, verb_extension=<colcon_core.verb.build.BuildVerb object at 0x73be7db507c0>, main=<bound method BuildVerb.main of <colcon_core.verb.build.BuildVerb object at 0x73be7db507c0>>, mixin_verb=('build',))
[0.126s] Level 1:colcon.colcon_core.package_discovery:discover_packages(colcon_meta) check parameters
[0.126s] Level 1:colcon.colcon_core.package_discovery:discover_packages(recursive) check parameters
[0.126s] Level 1:colcon.colcon_core.package_discovery:discover_packages(ignore) check parameters
[0.126s] Level 1:colcon.colcon_core.package_discovery:discover_packages(path) check parameters
[0.126s] Level 1:colcon.colcon_core.package_discovery:discover_packages(colcon_meta) discover
[0.126s] Level 1:colcon.colcon_core.package_discovery:discover_packages(recursive) discover
[0.126s] INFO:colcon.colcon_core.package_discovery:Crawling recursively for packages in '/ros2_ws/src/minimal_bot_cpp'
[0.126s] Level 1:colcon.colcon_core.package_identification:_identify(.) by extensions ['ignore', 'ignore_ament_install']
[0.126s] Level 1:colcon.colcon_core.package_identification:_identify(.) by extension 'ignore'
[0.126s] Level 1:colcon.colcon_core.package_identification:_identify(.) by extension 'ignore_ament_install'
[0.126s] Level 1:colcon.colcon_core.package_identification:_identify(.) by extensions ['colcon_pkg']
[0.126s] Level 1:colcon.colcon_core.package_identification:_identify(.) by extension 'colcon_pkg'
[0.126s] Level 1:colcon.colcon_core.package_identification:_identify(.) by extensions ['colcon_meta']
[0.126s] Level 1:colcon.colcon_core.package_identification:_identify(.) by extension 'colcon_meta'
[0.126s] Level 1:colcon.colcon_core.package_identification:_identify(.) by extensions ['ros']
[0.126s] Level 1:colcon.colcon_core.package_identification:_identify(.) by extension 'ros'
[0.133s] DEBUG:colcon.colcon_core.package_identification:Package '.' with type 'ros.ament_cmake' and name 'minimal_bot_cpp'
[0.133s] Level 1:colcon.colcon_core.package_discovery:discover_packages(recursive) using defaults
[0.133s] Level 1:colcon.colcon_core.package_discovery:discover_packages(ignore) discover
[0.133s] Level 1:colcon.colcon_core.package_discovery:discover_packages(ignore) using defaults
[0.133s] Level 1:colcon.colcon_core.package_discovery:discover_packages(path) discover
[0.133s] Level 1:colcon.colcon_core.package_discovery:discover_packages(path) using defaults
[0.145s] Level 5:colcon.colcon_core.verb:set package 'minimal_bot_cpp' build argument 'cmake_args' from command line to 'None'
[0.145s] Level 5:colcon.colcon_core.verb:set package 'minimal_bot_cpp' build argument 'cmake_target' from command line to 'None'
[0.145s] Level 5:colcon.colcon_core.verb:set package 'minimal_bot_cpp' build argument 'cmake_target_skip_unavailable' from command line to 'False'
[0.145s] Level 5:colcon.colcon_core.verb:set package 'minimal_bot_cpp' build argument 'cmake_clean_cache' from command line to 'False'
[0.145s] Level 5:colcon.colcon_core.verb:set package 'minimal_bot_cpp' build argument 'cmake_clean_first' from command line to 'False'
[0.145s] Level 5:colcon.colcon_core.verb:set package 'minimal_bot_cpp' build argument 'cmake_force_configure' from command line to 'False'
[0.145s] Level 5:colcon.colcon_core.verb:set package 'minimal_bot_cpp' build argument 'ament_cmake_args' from command line to 'None'
[0.145s] Level 5:colcon.colcon_core.verb:set package 'minimal_bot_cpp' build argument 'catkin_cmake_args' from command line to 'None'
[0.145s] Level 5:colcon.colcon_core.verb:set package 'minimal_bot_cpp' build argument 'catkin_skip_building_tests' from command line to 'False'
[0.146s] DEBUG:colcon.colcon_core.verb:Building package 'minimal_bot_cpp' with the following arguments: {'ament_cmake_args': None, 'build_base': '/ros2_ws/src/minimal_bot_cpp/build/minimal_bot_cpp', 'catkin_cmake_args': None, 'catkin_skip_building_tests': False, 'cmake_args': None, 'cmake_clean_cache': False, 'cmake_clean_first': False, 'cmake_force_configure': False, 'cmake_target': None, 'cmake_target_skip_unavailable': False, 'install_base': '/ros2_ws/src/minimal_bot_cpp/install/minimal_bot_cpp', 'merge_install': False, 'path': '/ros2_ws/src/minimal_bot_cpp', 'symlink_install': False, 'test_result_base': None}
[0.146s] INFO:colcon.colcon_core.executor:Executing jobs using 'parallel' executor
[0.146s] DEBUG:colcon.colcon_parallel_executor.executor.parallel:run_until_complete
[0.147s] INFO:colcon.colcon_ros.task.ament_cmake.build:Building ROS package in '/ros2_ws/src/minimal_bot_cpp' with build type 'ament_cmake'
[0.147s] INFO:colcon.colcon_cmake.task.cmake.build:Building CMake package in '/ros2_ws/src/minimal_bot_cpp'
[0.148s] INFO:colcon.colcon_core.plugin_system:Skipping extension 'colcon_core.shell.bat': Not used on non-Windows systems
[0.148s] INFO:colcon.colcon_core.shell:Skip shell extension 'powershell' for command environment: Not usable outside of PowerShell
[0.148s] DEBUG:colcon.colcon_core.shell:Skip shell extension 'dsv' for command environment
[0.153s] DEBUG:colcon.colcon_core.event_handler.log_command:Invoking command in '/ros2_ws/src/minimal_bot_cpp/build/minimal_bot_cpp': CMAKE_PREFIX_PATH=${CMAKE_PREFIX_PATH}:/opt/ros/humble /usr/bin/cmake /ros2_ws/src/minimal_bot_cpp -DCMAKE_INSTALL_PREFIX=/ros2_ws/src/minimal_bot_cpp/install/minimal_bot_cpp
[1.149s] DEBUG:colcon.colcon_core.event_handler.log_command:Invoked command in '/ros2_ws/src/minimal_bot_cpp/build/minimal_bot_cpp' returned '0': CMAKE_PREFIX_PATH=${CMAKE_PREFIX_PATH}:/opt/ros/humble /usr/bin/cmake /ros2_ws/src/minimal_bot_cpp -DCMAKE_INSTALL_PREFIX=/ros2_ws/src/minimal_bot_cpp/install/minimal_bot_cpp
[1.151s] DEBUG:colcon.colcon_core.event_handler.log_command:Invoking command in '/ros2_ws/src/minimal_bot_cpp/build/minimal_bot_cpp': CMAKE_PREFIX_PATH=${CMAKE_PREFIX_PATH}:/opt/ros/humble /usr/bin/cmake --build /ros2_ws/src/minimal_bot_cpp/build/minimal_bot_cpp -- -j24 -l24
[1.179s] DEBUG:colcon.colcon_core.event_handler.log_command:Invoked command in '/ros2_ws/src/minimal_bot_cpp/build/minimal_bot_cpp' returned '0': CMAKE_PREFIX_PATH=${CMAKE_PREFIX_PATH}:/opt/ros/humble /usr/bin/cmake --build /ros2_ws/src/minimal_bot_cpp/build/minimal_bot_cpp -- -j24 -l24
[1.187s] DEBUG:colcon.colcon_core.event_handler.log_command:Invoking command in '/ros2_ws/src/minimal_bot_cpp/build/minimal_bot_cpp': CMAKE_PREFIX_PATH=${CMAKE_PREFIX_PATH}:/opt/ros/humble /usr/bin/cmake --install /ros2_ws/src/minimal_bot_cpp/build/minimal_bot_cpp
[1.195s] Level 1:colcon.colcon_core.environment:create_environment_scripts_only(minimal_bot_cpp)
[1.195s] DEBUG:colcon.colcon_core.event_handler.log_command:Invoked command in '/ros2_ws/src/minimal_bot_cpp/build/minimal_bot_cpp' returned '0': CMAKE_PREFIX_PATH=${CMAKE_PREFIX_PATH}:/opt/ros/humble /usr/bin/cmake --install /ros2_ws/src/minimal_bot_cpp/build/minimal_bot_cpp
[1.197s] Level 1:colcon.colcon_core.environment:checking '/ros2_ws/src/minimal_bot_cpp/install/minimal_bot_cpp' for CMake module files
[1.198s] Level 1:colcon.colcon_core.environment:checking '/ros2_ws/src/minimal_bot_cpp/install/minimal_bot_cpp' for CMake config files
[1.198s] Level 1:colcon.colcon_core.shell:create_environment_hook('minimal_bot_cpp', 'cmake_prefix_path')
[1.198s] INFO:colcon.colcon_core.shell:Creating environment hook '/ros2_ws/src/minimal_bot_cpp/install/minimal_bot_cpp/share/minimal_bot_cpp/hook/cmake_prefix_path.ps1'
[1.199s] INFO:colcon.colcon_core.shell:Creating environment descriptor '/ros2_ws/src/minimal_bot_cpp/install/minimal_bot_cpp/share/minimal_bot_cpp/hook/cmake_prefix_path.dsv'
[1.199s] INFO:colcon.colcon_core.shell:Creating environment hook '/ros2_ws/src/minimal_bot_cpp/install/minimal_bot_cpp/share/minimal_bot_cpp/hook/cmake_prefix_path.sh'
[1.200s] Level 1:colcon.colcon_core.environment:checking '/ros2_ws/src/minimal_bot_cpp/install/minimal_bot_cpp/bin'
[1.200s] Level 1:colcon.colcon_core.environment:checking '/ros2_ws/src/minimal_bot_cpp/install/minimal_bot_cpp/lib/pkgconfig/minimal_bot_cpp.pc'
[1.201s] Level 1:colcon.colcon_core.environment:checking '/ros2_ws/src/minimal_bot_cpp/install/minimal_bot_cpp/lib/python3.10/site-packages'
[1.201s] Level 1:colcon.colcon_core.environment:checking '/ros2_ws/src/minimal_bot_cpp/install/minimal_bot_cpp/bin'
[1.202s] INFO:colcon.colcon_core.shell:Creating package script '/ros2_ws/src/minimal_bot_cpp/install/minimal_bot_cpp/share/minimal_bot_cpp/package.ps1'
[1.207s] INFO:colcon.colcon_core.shell:Creating package descriptor '/ros2_ws/src/minimal_bot_cpp/install/minimal_bot_cpp/share/minimal_bot_cpp/package.dsv'
[1.207s] INFO:colcon.colcon_core.shell:Creating package script '/ros2_ws/src/minimal_bot_cpp/install/minimal_bot_cpp/share/minimal_bot_cpp/package.sh'
[1.208s] INFO:colcon.colcon_core.shell:Creating package script '/ros2_ws/src/minimal_bot_cpp/install/minimal_bot_cpp/share/minimal_bot_cpp/package.bash'
[1.208s] INFO:colcon.colcon_core.shell:Creating package script '/ros2_ws/src/minimal_bot_cpp/install/minimal_bot_cpp/share/minimal_bot_cpp/package.zsh'
[1.208s] Level 1:colcon.colcon_core.environment:create_file_with_runtime_dependencies(/ros2_ws/src/minimal_bot_cpp/install/minimal_bot_cpp/share/colcon-core/packages/minimal_bot_cpp)
[1.208s] Level 1:colcon.colcon_core.environment:create_environment_scripts_only(minimal_bot_cpp)
[1.208s] Level 1:colcon.colcon_core.environment:checking '/ros2_ws/src/minimal_bot_cpp/install/minimal_bot_cpp' for CMake module files
[1.209s] Level 1:colcon.colcon_core.environment:checking '/ros2_ws/src/minimal_bot_cpp/install/minimal_bot_cpp' for CMake config files
[1.209s] Level 1:colcon.colcon_core.shell:create_environment_hook('minimal_bot_cpp', 'cmake_prefix_path')
[1.209s] INFO:colcon.colcon_core.shell:Creating environment hook '/ros2_ws/src/minimal_bot_cpp/install/minimal_bot_cpp/share/minimal_bot_cpp/hook/cmake_prefix_path.ps1'
[1.209s] INFO:colcon.colcon_core.shell:Creating environment descriptor '/ros2_ws/src/minimal_bot_cpp/install/minimal_bot_cpp/share/minimal_bot_cpp/hook/cmake_prefix_path.dsv'
[1.209s] INFO:colcon.colcon_core.shell:Creating environment hook '/ros2_ws/src/minimal_bot_cpp/install/minimal_bot_cpp/share/minimal_bot_cpp/hook/cmake_prefix_path.sh'
[1.209s] Level 1:colcon.colcon_core.environment:checking '/ros2_ws/src/minimal_bot_cpp/install/minimal_bot_cpp/bin'
[1.209s] Level 1:colcon.colcon_core.environment:checking '/ros2_ws/src/minimal_bot_cpp/install/minimal_bot_cpp/lib/pkgconfig/minimal_bot_cpp.pc'
[1.209s] Level 1:colcon.colcon_core.environment:checking '/ros2_ws/src/minimal_bot_cpp/install/minimal_bot_cpp/lib/python3.10/site-packages'
[1.210s] Level 1:colcon.colcon_core.environment:checking '/ros2_ws/src/minimal_bot_cpp/install/minimal_bot_cpp/bin'
[1.210s] INFO:colcon.colcon_core.shell:Creating package script '/ros2_ws/src/minimal_bot_cpp/install/minimal_bot_cpp/share/minimal_bot_cpp/package.ps1'
[1.210s] INFO:colcon.colcon_core.shell:Creating package descriptor '/ros2_ws/src/minimal_bot_cpp/install/minimal_bot_cpp/share/minimal_bot_cpp/package.dsv'
[1.210s] INFO:colcon.colcon_core.shell:Creating package script '/ros2_ws/src/minimal_bot_cpp/install/minimal_bot_cpp/share/minimal_bot_cpp/package.sh'
[1.210s] INFO:colcon.colcon_core.shell:Creating package script '/ros2_ws/src/minimal_bot_cpp/install/minimal_bot_cpp/share/minimal_bot_cpp/package.bash'
[1.210s] INFO:colcon.colcon_core.shell:Creating package script '/ros2_ws/src/minimal_bot_cpp/install/minimal_bot_cpp/share/minimal_bot_cpp/package.zsh'
[1.211s] Level 1:colcon.colcon_core.environment:create_file_with_runtime_dependencies(/ros2_ws/src/minimal_bot_cpp/install/minimal_bot_cpp/share/colcon-core/packages/minimal_bot_cpp)
[1.211s] DEBUG:colcon.colcon_parallel_executor.executor.parallel:closing loop
[1.211s] DEBUG:colcon.colcon_parallel_executor.executor.parallel:loop closed
[1.211s] DEBUG:colcon.colcon_parallel_executor.executor.parallel:run_until_complete finished with '0'
[1.211s] DEBUG:colcon.colcon_core.event_reactor:joining thread
[1.214s] INFO:colcon.colcon_core.plugin_system:Skipping extension 'colcon_notification.desktop_notification.notify_send': Could not find 'notify-send'
[1.214s] INFO:colcon.colcon_core.plugin_system:Skipping extension 'colcon_notification.desktop_notification.terminal_notifier': Not used on non-Darwin systems
[1.214s] INFO:colcon.colcon_core.plugin_system:Skipping extension 'colcon_notification.desktop_notification.win32': Not used on non-Windows systems
[1.214s] INFO:colcon.colcon_notification.desktop_notification:Sending desktop notification using 'notify2'
[1.215s] DEBUG:colcon.colcon_notification.desktop_notification.notify2:Failed to initialize notify2: org.freedesktop.DBus.Error.Spawn.ExecFailed: /usr/bin/dbus-launch terminated abnormally without any error message
[1.216s] DEBUG:colcon.colcon_core.event_reactor:joined thread
[1.216s] INFO:colcon.colcon_core.shell:Creating prefix script '/ros2_ws/src/minimal_bot_cpp/install/local_setup.ps1'
[1.216s] INFO:colcon.colcon_core.shell:Creating prefix util module '/ros2_ws/src/minimal_bot_cpp/install/_local_setup_util_ps1.py'
[1.217s] INFO:colcon.colcon_core.shell:Creating prefix chain script '/ros2_ws/src/minimal_bot_cpp/install/setup.ps1'
[1.217s] INFO:colcon.colcon_core.shell:Creating prefix script '/ros2_ws/src/minimal_bot_cpp/install/local_setup.sh'
[1.218s] INFO:colcon.colcon_core.shell:Creating prefix util module '/ros2_ws/src/minimal_bot_cpp/install/_local_setup_util_sh.py'
[1.218s] INFO:colcon.colcon_core.shell:Creating prefix chain script '/ros2_ws/src/minimal_bot_cpp/install/setup.sh'
[1.218s] INFO:colcon.colcon_core.shell:Creating prefix script '/ros2_ws/src/minimal_bot_cpp/install/local_setup.bash'
[1.218s] INFO:colcon.colcon_core.shell:Creating prefix chain script '/ros2_ws/src/minimal_bot_cpp/install/setup.bash'
[1.219s] INFO:colcon.colcon_core.shell:Creating prefix script '/ros2_ws/src/minimal_bot_cpp/install/local_setup.zsh'
[1.219s] INFO:colcon.colcon_core.shell:Creating prefix chain script '/ros2_ws/src/minimal_bot_cpp/install/setup.zsh'
