-- Found ament_cmake: 1.3.11 (/opt/ros/humble/share/ament_cmake/cmake)
-- Found robot_state_publisher: 3.0.3 (/opt/ros/humble/share/robot_state_publisher/cmake)
-- Found rosidl_generator_c: 3.1.6 (/opt/ros/humble/share/rosidl_generator_c/cmake)
-- Found rosidl_adapter: 3.1.6 (/opt/ros/humble/share/rosidl_adapter/cmake)
-- Found rosidl_generator_cpp: 3.1.6 (/opt/ros/humble/share/rosidl_generator_cpp/cmake)
-- Using all available rosidl_typesupport_c: rosidl_typesupport_fastrtps_c;rosidl_typesupport_introspection_c
-- Using all available rosidl_typesupport_cpp: rosidl_typesupport_fastrtps_cpp;rosidl_typesupport_introspection_cpp
-- Found eigen3_cmake_module: 0.1.1 (/opt/ros/humble/share/eigen3_cmake_module/cmake)
-- Ensuring Eigen3 include directory is part of orocos-kdl CMake target
-- Found rmw_implementation_cmake: 6.1.2 (/opt/ros/humble/share/rmw_implementation_cmake/cmake)
-- Found rmw_fastrtps_cpp: 6.2.7 (/opt/ros/humble/share/rmw_fastrtps_cpp/cmake)
-- Using RMW implementation 'rmw_fastrtps_cpp' as default
-- Found xacro: 2.0.13 (/opt/ros/humble/share/xacro/cmake)
-- Found ament_lint_auto: 0.12.12 (/opt/ros/humble/share/ament_lint_auto/cmake)
-- Added test 'cppcheck' to perform static code analysis on C / C++ code
-- Configured cppcheck include dirs: 
-- Configured cppcheck exclude dirs and/or files: 
-- Added test 'flake8' to check Python code syntax and style conventions
-- Added test 'lint_cmake' to check CMake code style
-- Added test 'pep257' to check Python code against some of the docstring style conventions in PEP 257
-- Added test 'uncrustify' to check C / C++ code style
-- Configured uncrustify additional arguments: 
-- Added test 'xmllint' to check XML markup files
-- Configuring done
-- Generating done
-- Build files have been written to: /ros2_ws/src/minimal_bot_cpp/build/minimal_bot_cpp
[ 50%] [32mBuilding CXX object CMakeFiles/static_tf_publishers.dir/src/static_tf_publishers.cpp.o[0m
[100%] [32m[1mLinking CXX executable static_tf_publishers[0m
[100%] Built target static_tf_publishers
-- Install configuration: ""
-- Up-to-date: /ros2_ws/src/minimal_bot_cpp/install/minimal_bot_cpp/share/minimal_bot_cpp/launch
-- Installing: /ros2_ws/src/minimal_bot_cpp/install/minimal_bot_cpp/share/minimal_bot_cpp/launch/state_pub.launch.py
-- Up-to-date: /ros2_ws/src/minimal_bot_cpp/install/minimal_bot_cpp/share/minimal_bot_cpp/urdf
-- Up-to-date: /ros2_ws/src/minimal_bot_cpp/install/minimal_bot_cpp/share/minimal_bot_cpp/urdf/minimal_bot.urdf.xacro
-- Installing: /ros2_ws/src/minimal_bot_cpp/install/minimal_bot_cpp/lib/minimal_bot_cpp/static_tf_publishers
-- Set runtime path of "/ros2_ws/src/minimal_bot_cpp/install/minimal_bot_cpp/lib/minimal_bot_cpp/static_tf_publishers" to ""
-- Up-to-date: /ros2_ws/src/minimal_bot_cpp/install/minimal_bot_cpp/share/ament_index/resource_index/package_run_dependencies/minimal_bot_cpp
-- Installing: /ros2_ws/src/minimal_bot_cpp/install/minimal_bot_cpp/share/ament_index/resource_index/parent_prefix_path/minimal_bot_cpp
-- Up-to-date: /ros2_ws/src/minimal_bot_cpp/install/minimal_bot_cpp/share/minimal_bot_cpp/environment/ament_prefix_path.sh
-- Installing: /ros2_ws/src/minimal_bot_cpp/install/minimal_bot_cpp/share/minimal_bot_cpp/environment/ament_prefix_path.dsv
-- Up-to-date: /ros2_ws/src/minimal_bot_cpp/install/minimal_bot_cpp/share/minimal_bot_cpp/environment/path.sh
-- Installing: /ros2_ws/src/minimal_bot_cpp/install/minimal_bot_cpp/share/minimal_bot_cpp/environment/path.dsv
-- Up-to-date: /ros2_ws/src/minimal_bot_cpp/install/minimal_bot_cpp/share/minimal_bot_cpp/local_setup.bash
-- Up-to-date: /ros2_ws/src/minimal_bot_cpp/install/minimal_bot_cpp/share/minimal_bot_cpp/local_setup.sh
-- Up-to-date: /ros2_ws/src/minimal_bot_cpp/install/minimal_bot_cpp/share/minimal_bot_cpp/local_setup.zsh
-- Installing: /ros2_ws/src/minimal_bot_cpp/install/minimal_bot_cpp/share/minimal_bot_cpp/local_setup.dsv
-- Installing: /ros2_ws/src/minimal_bot_cpp/install/minimal_bot_cpp/share/minimal_bot_cpp/package.dsv
-- Up-to-date: /ros2_ws/src/minimal_bot_cpp/install/minimal_bot_cpp/share/ament_index/resource_index/packages/minimal_bot_cpp
-- Up-to-date: /ros2_ws/src/minimal_bot_cpp/install/minimal_bot_cpp/share/minimal_bot_cpp/cmake/minimal_bot_cppConfig.cmake
-- Up-to-date: /ros2_ws/src/minimal_bot_cpp/install/minimal_bot_cpp/share/minimal_bot_cpp/cmake/minimal_bot_cppConfig-version.cmake
-- Up-to-date: /ros2_ws/src/minimal_bot_cpp/install/minimal_bot_cpp/share/minimal_bot_cpp/package.xml
