[0.009s] Invoking command in '/ros2_ws/src/minimal_bot_cpp/build/minimal_bot_cpp': CMAKE_PREFIX_PATH=${CMAKE_PREFIX_PATH}:/opt/ros/humble /usr/bin/cmake --build /ros2_ws/src/minimal_bot_cpp/build/minimal_bot_cpp -- -j24 -l24
[0.025s] -- Found ament_cmake: 1.3.11 (/opt/ros/humble/share/ament_cmake/cmake)
[0.094s] -- Found robot_state_publisher: 3.0.3 (/opt/ros/humble/share/robot_state_publisher/cmake)
[0.107s] -- Found rosidl_generator_c: 3.1.6 (/opt/ros/humble/share/rosidl_generator_c/cmake)
[0.109s] -- Found rosidl_adapter: 3.1.6 (/opt/ros/humble/share/rosidl_adapter/cmake)
[0.112s] -- Found rosidl_generator_cpp: 3.1.6 (/opt/ros/humble/share/rosidl_generator_cpp/cmake)
[0.117s] -- Using all available rosidl_typesupport_c: rosidl_typesupport_fastrtps_c;rosidl_typesupport_introspection_c
[0.124s] -- Using all available rosidl_typesupport_cpp: rosidl_typesupport_fastrtps_cpp;rosidl_typesupport_introspection_cpp
[0.145s] -- Found eigen3_cmake_module: 0.1.1 (/opt/ros/humble/share/eigen3_cmake_module/cmake)
[0.145s] -- Ensuring Eigen3 include directory is part of orocos-kdl CMake target
[0.160s] -- Found rmw_implementation_cmake: 6.1.2 (/opt/ros/humble/share/rmw_implementation_cmake/cmake)
[0.160s] -- Found rmw_fastrtps_cpp: 6.2.7 (/opt/ros/humble/share/rmw_fastrtps_cpp/cmake)
[0.230s] -- Using RMW implementation 'rmw_fastrtps_cpp' as default
[0.315s] -- Found xacro: 2.0.13 (/opt/ros/humble/share/xacro/cmake)
[0.316s] -- Found ament_lint_auto: 0.12.12 (/opt/ros/humble/share/ament_lint_auto/cmake)
[0.356s] -- Added test 'cppcheck' to perform static code analysis on C / C++ code
[0.356s] -- Configured cppcheck include dirs: 
[0.356s] -- Configured cppcheck exclude dirs and/or files: 
[0.357s] -- Added test 'flake8' to check Python code syntax and style conventions
[0.358s] -- Added test 'lint_cmake' to check CMake code style
[0.358s] -- Added test 'pep257' to check Python code against some of the docstring style conventions in PEP 257
[0.362s] -- Added test 'uncrustify' to check C / C++ code style
[0.362s] -- Configured uncrustify additional arguments: 
[0.362s] -- Added test 'xmllint' to check XML markup files
[0.363s] -- Configuring done
[0.369s] -- Generating done
[0.371s] -- Build files have been written to: /ros2_ws/src/minimal_bot_cpp/build/minimal_bot_cpp
[0.396s] [ 50%] [32mBuilding CXX object CMakeFiles/static_tf_publishers.dir/src/static_tf_publishers.cpp.o[0m
[2.359s] [100%] [32m[1mLinking CXX executable static_tf_publishers[0m
[2.462s] [100%] Built target static_tf_publishers
[2.468s] Invoked command in '/ros2_ws/src/minimal_bot_cpp/build/minimal_bot_cpp' returned '0': CMAKE_PREFIX_PATH=${CMAKE_PREFIX_PATH}:/opt/ros/humble /usr/bin/cmake --build /ros2_ws/src/minimal_bot_cpp/build/minimal_bot_cpp -- -j24 -l24
[2.473s] Invoking command in '/ros2_ws/src/minimal_bot_cpp/build/minimal_bot_cpp': CMAKE_PREFIX_PATH=${CMAKE_PREFIX_PATH}:/opt/ros/humble /usr/bin/cmake --install /ros2_ws/src/minimal_bot_cpp/build/minimal_bot_cpp
[2.478s] -- Install configuration: ""
[2.478s] -- Up-to-date: /ros2_ws/src/minimal_bot_cpp/install/minimal_bot_cpp/share/minimal_bot_cpp/launch
[2.478s] -- Installing: /ros2_ws/src/minimal_bot_cpp/install/minimal_bot_cpp/share/minimal_bot_cpp/launch/state_pub.launch.py
[2.478s] -- Up-to-date: /ros2_ws/src/minimal_bot_cpp/install/minimal_bot_cpp/share/minimal_bot_cpp/urdf
[2.478s] -- Up-to-date: /ros2_ws/src/minimal_bot_cpp/install/minimal_bot_cpp/share/minimal_bot_cpp/urdf/minimal_bot.urdf.xacro
[2.478s] -- Installing: /ros2_ws/src/minimal_bot_cpp/install/minimal_bot_cpp/lib/minimal_bot_cpp/static_tf_publishers
[2.478s] -- Set runtime path of "/ros2_ws/src/minimal_bot_cpp/install/minimal_bot_cpp/lib/minimal_bot_cpp/static_tf_publishers" to ""
[2.478s] -- Up-to-date: /ros2_ws/src/minimal_bot_cpp/install/minimal_bot_cpp/share/ament_index/resource_index/package_run_dependencies/minimal_bot_cpp
[2.478s] -- Installing: /ros2_ws/src/minimal_bot_cpp/install/minimal_bot_cpp/share/ament_index/resource_index/parent_prefix_path/minimal_bot_cpp
[2.478s] -- Up-to-date: /ros2_ws/src/minimal_bot_cpp/install/minimal_bot_cpp/share/minimal_bot_cpp/environment/ament_prefix_path.sh
[2.478s] -- Installing: /ros2_ws/src/minimal_bot_cpp/install/minimal_bot_cpp/share/minimal_bot_cpp/environment/ament_prefix_path.dsv
[2.478s] -- Up-to-date: /ros2_ws/src/minimal_bot_cpp/install/minimal_bot_cpp/share/minimal_bot_cpp/environment/path.sh
[2.478s] -- Installing: /ros2_ws/src/minimal_bot_cpp/install/minimal_bot_cpp/share/minimal_bot_cpp/environment/path.dsv
[2.478s] -- Up-to-date: /ros2_ws/src/minimal_bot_cpp/install/minimal_bot_cpp/share/minimal_bot_cpp/local_setup.bash
[2.478s] -- Up-to-date: /ros2_ws/src/minimal_bot_cpp/install/minimal_bot_cpp/share/minimal_bot_cpp/local_setup.sh
[2.478s] -- Up-to-date: /ros2_ws/src/minimal_bot_cpp/install/minimal_bot_cpp/share/minimal_bot_cpp/local_setup.zsh
[2.478s] -- Installing: /ros2_ws/src/minimal_bot_cpp/install/minimal_bot_cpp/share/minimal_bot_cpp/local_setup.dsv
[2.478s] -- Installing: /ros2_ws/src/minimal_bot_cpp/install/minimal_bot_cpp/share/minimal_bot_cpp/package.dsv
[2.478s] -- Up-to-date: /ros2_ws/src/minimal_bot_cpp/install/minimal_bot_cpp/share/ament_index/resource_index/packages/minimal_bot_cpp
[2.478s] -- Up-to-date: /ros2_ws/src/minimal_bot_cpp/install/minimal_bot_cpp/share/minimal_bot_cpp/cmake/minimal_bot_cppConfig.cmake
[2.479s] -- Up-to-date: /ros2_ws/src/minimal_bot_cpp/install/minimal_bot_cpp/share/minimal_bot_cpp/cmake/minimal_bot_cppConfig-version.cmake
[2.479s] -- Up-to-date: /ros2_ws/src/minimal_bot_cpp/install/minimal_bot_cpp/share/minimal_bot_cpp/package.xml
[2.480s] Invoked command in '/ros2_ws/src/minimal_bot_cpp/build/minimal_bot_cpp' returned '0': CMAKE_PREFIX_PATH=${CMAKE_PREFIX_PATH}:/opt/ros/humble /usr/bin/cmake --install /ros2_ws/src/minimal_bot_cpp/build/minimal_bot_cpp
